<?xml version="1.0" encoding="UTF-8"?>
<!-- Generated by org.testng.reporters.JUnitReportReporter -->
<testsuite hostname="Seetha" failures="0" tests="1" name="testcases.TC001_AccountRegistration" time="2.611" errors="0" timestamp="2024-12-22T17:50:33 IST" skipped="0">
  <testcase classname="testcases.TC001_AccountRegistration" name="registeraccount" time="2.611"/>
</testsuite> <!-- testcases.TC001_AccountRegistration -->
