<?xml version="1.0" encoding="UTF-8"?>
<!-- Generated by org.testng.reporters.JUnitReportReporter -->
<testsuite hostname="Seetha" failures="0" tests="5" name="testcases.TC003_LoginDDT" time="38.722" errors="0" timestamp="2024-12-22T17:50:33 IST" skipped="0">
  <testcase classname="testcases.TC003_LoginDDT" name="loginDDT" time="11.444"/>
  <testcase classname="testcases.TC003_LoginDDT" name="loginDDT" time="2.518"/>
  <testcase classname="testcases.TC003_LoginDDT" name="loginDDT" time="11.494"/>
  <testcase classname="testcases.TC003_LoginDDT" name="loginDDT" time="11.253"/>
  <testcase classname="testcases.TC003_LoginDDT" name="loginDDT" time="2.013"/>
</testsuite> <!-- testcases.TC003_LoginDDT -->
