<?xml version="1.0" encoding="UTF-8"?>
<!-- Generated by org.testng.reporters.JUnitReportReporter -->
<testsuite hostname="Seetha" failures="0" tests="1" name="testcases.TC002_LoginTest" time="1.644" errors="0" timestamp="2024-12-22T17:50:33 IST" skipped="0">
  <testcase classname="testcases.TC002_LoginTest" name="verifyLogin" time="1.644"/>
</testsuite> <!-- testcases.TC002_LoginTest -->
